<?xml version="1.0" encoding="UTF-8"?>
<!-- Generated by org.testng.reporters.JUnitReportReporter -->
<testsuite hostname="DESKTOP-HGUKC47" failures="0" tests="1" name="day6.Deserialization" time="0.363" errors="0" timestamp="2025-07-08T15:10:11 IST" skipped="0">
  <testcase classname="day6.Deserialization" name="validateDeserialization" time="0.363"/>
</testsuite> <!-- day6.Deserialization -->
