<?xml version="1.0" encoding="UTF-8"?>
<!-- Generated by org.testng.reporters.JUnitReportReporter -->
<testsuite hostname="DESKTOP-HGUKC47" failures="0" tests="1" name="day4.ParsingJsonResponseData" time="2.356" errors="0" timestamp="2025-06-16T10:35:14 IST" skipped="0">
  <testcase classname="day4.ParsingJsonResponseData" name="validatingResponseData4" time="2.356"/>
</testsuite> <!-- day4.ParsingJsonResponseData -->
