<?xml version="1.0" encoding="UTF-8"?>
<!-- Generated by org.testng.reporters.JUnitReportReporter -->
<testsuite hostname="DESKTOP-HGUKC47" failures="0" tests="1" name="day8.APIChainingGetUser" time="0.842" errors="0" timestamp="2025-06-17T18:16:56 IST" skipped="0">
  <testcase classname="day8.APIChainingGetUser" name="getUser" time="0.842"/>
</testsuite> <!-- day8.APIChainingGetUser -->
