<?xml version="1.0" encoding="UTF-8"?>
<!-- Generated by org.testng.reporters.JUnitReportReporter -->
<testsuite hostname="DESKTOP-HGUKC47" failures="0" tests="1" name="day7.APIKeyAuthentication" time="3.161" errors="0" timestamp="2025-07-08T15:20:21 IST" skipped="0">
  <testcase classname="day7.APIKeyAuthentication" name="apiKeyAuth" time="3.161"/>
</testsuite> <!-- day7.APIKeyAuthentication -->
