<?xml version="1.0" encoding="UTF-8"?>
<!-- Generated by org.testng.reporters.JUnitReportReporter -->
<testsuite hostname="DESKTOP-HGUKC47" failures="0" tests="1" name="day7.FakerDataGenerator" time="0.618" errors="0" timestamp="2025-06-17T09:59:59 IST" skipped="0">
  <testcase classname="day7.FakerDataGenerator" name="dummyData" time="0.618"/>
</testsuite> <!-- day7.FakerDataGenerator -->
