<?xml version="1.0" encoding="UTF-8"?>
<!-- Generated by org.testng.reporters.JUnitReportReporter -->
<testsuite hostname="DESKTOP-HGUKC47" failures="0" tests="1" name="day3.Cookies" time="3.648" errors="0" timestamp="2025-07-08T12:49:50 IST" skipped="0">
  <testcase classname="day3.Cookies" name="testCookies" time="3.648"/>
</testsuite> <!-- day3.Cookies -->
