<?xml version="1.0" encoding="UTF-8"?>
<!-- Generated by org.testng.reporters.JUnitReportReporter -->
<testsuite hostname="DESKTOP-HGUKC47" failures="0" tests="1" name="day7.BearerTokenAuthentication" time="3.709" errors="0" timestamp="2025-06-17T08:28:02 IST" skipped="0">
  <testcase classname="day7.BearerTokenAuthentication" name="bearerTokenAuth" time="3.709"/>
</testsuite> <!-- day7.BearerTokenAuthentication -->
