<?xml version="1.0" encoding="UTF-8"?>
<!-- Generated by org.testng.reporters.JUnitReportReporter -->
<testsuite hostname="DESKTOP-HGUKC47" failures="0" tests="1" name="day7.OAuth2Authentication" time="5.003" errors="0" timestamp="2025-06-17T08:44:46 IST" skipped="0">
  <testcase classname="day7.OAuth2Authentication" name="OAuth1Authentication" time="5.003"/>
</testsuite> <!-- day7.OAuth2Authentication -->
