<?xml version="1.0" encoding="UTF-8"?>
<!-- Generated by org.testng.reporters.JUnitReportReporter -->
<testsuite hostname="DESKTOP-HGUKC47" failures="0" tests="2" name="day3.Headers" time="4.852" errors="0" timestamp="2025-06-15T11:40:24 IST" skipped="0">
  <testcase classname="day3.Headers" name="testHeaders" time="0.937"/>
  <testcase classname="day3.Headers" name="getHeaders" time="3.915"/>
</testsuite> <!-- day3.Headers -->
