<?xml version="1.0" encoding="UTF-8"?>
<!-- Generated by org.testng.reporters.JUnitReportReporter -->
<testsuite hostname="DESKTOP-HGUKC47" failures="0" tests="1" name="day6.JsonSchemaValidator" time="2.926" errors="0" timestamp="2025-07-08T15:16:34 IST" skipped="0">
  <testcase classname="day6.JsonSchemaValidator" name="validatedJsonSchema" time="2.926"/>
</testsuite> <!-- day6.JsonSchemaValidator -->
