<?xml version="1.0" encoding="UTF-8"?>
<!-- Generated by org.testng.reporters.JUnitReportReporter -->
<testsuite hostname="DESKTOP-HGUKC47" failures="0" tests="1" name="day6.Deserialization" time="0.323" errors="0" timestamp="2025-06-16T19:09:18 IST" skipped="0">
  <testcase classname="day6.Deserialization" name="validateDeserialization" time="0.323"/>
</testsuite> <!-- day6.Deserialization -->
