<?xml version="1.0" encoding="UTF-8"?>
<!-- Generated by org.testng.reporters.JUnitReportReporter -->
<testsuite hostname="DESKTOP-HGUKC47" failures="0" tests="1" name="day7.OAuth2Authentication" time="4.281" errors="0" timestamp="2025-07-08T15:27:40 IST" skipped="0">
  <testcase classname="day7.OAuth2Authentication" name="OAuth1Authentication" time="4.281"/>
</testsuite> <!-- day7.OAuth2Authentication -->
