<?xml version="1.0" encoding="UTF-8"?>
<!-- Generated by org.testng.reporters.JUnitReportReporter -->
<testsuite hostname="DESKTOP-HGUKC47" failures="0" tests="1" name="day3.Logging" time="2.268" errors="0" timestamp="2025-07-08T13:05:33 IST" skipped="0">
  <testcase classname="day3.Logging" name="logging" time="2.268"/>
</testsuite> <!-- day3.Logging -->
