<?xml version="1.0" encoding="UTF-8"?>
<!-- Generated by org.testng.reporters.JUnitReportReporter -->
<testsuite hostname="DESKTOP-HGUKC47" failures="0" tests="2" name="day3.Headers" time="3.725" errors="0" timestamp="2025-07-08T12:52:15 IST" skipped="0">
  <testcase classname="day3.Headers" name="testHeaders" time="0.853"/>
  <testcase classname="day3.Headers" name="getHeaders" time="2.872"/>
</testsuite> <!-- day3.Headers -->
