<?xml version="1.0" encoding="UTF-8"?>
<!-- Generated by org.testng.reporters.JUnitReportReporter -->
<testsuite hostname="DESKTOP-HGUKC47" failures="0" tests="1" name="day3.CookiesAndHeaders" time="3.075" errors="0" timestamp="2025-06-15T11:07:51 IST" skipped="0">
  <testcase classname="day3.CookiesAndHeaders" name="testCookies" time="3.075"/>
</testsuite> <!-- day3.CookiesAndHeaders -->
