<?xml version="1.0" encoding="UTF-8"?>
<!-- Generated by org.testng.reporters.JUnitReportReporter -->
<testsuite hostname="DESKTOP-HGUKC47" failures="0" tests="1" name="day7.APIKeyAuthentication" time="8.351" errors="0" timestamp="2025-06-17T09:11:25 IST" skipped="0">
  <testcase classname="day7.APIKeyAuthentication" name="apiKeyAuth" time="8.351"/>
</testsuite> <!-- day7.APIKeyAuthentication -->
