<?xml version="1.0" encoding="UTF-8"?>
<!-- Generated by org.testng.reporters.JUnitReportReporter -->
<testsuite hostname="DESKTOP-HGUKC47" failures="0" tests="1" name="day8.APIChainingCreateUser" time="3.496" errors="0" timestamp="2025-06-19T19:39:54 IST" skipped="0">
  <testcase classname="day8.APIChainingCreateUser" name="createUser" time="3.496"/>
</testsuite> <!-- day8.APIChainingCreateUser -->
