<?xml version="1.0" encoding="UTF-8"?>
<!-- Generated by org.testng.reporters.JUnitReportReporter -->
<testsuite hostname="DESKTOP-HGUKC47" failures="0" tests="1" name="day7.BasicAuthentication" time="5.044" errors="0" timestamp="2025-07-08T15:22:10 IST" skipped="0">
  <testcase classname="day7.BasicAuthentication" name="basicAuthentication" time="5.044"/>
</testsuite> <!-- day7.BasicAuthentication -->
