<?xml version="1.0" encoding="UTF-8"?>
<!-- Generated by org.testng.reporters.JUnitReportReporter -->
<testsuite hostname="DESKTOP-HGUKC47" failures="0" tests="1" name="day4.ParsingJsonResponseData" time="2.264" errors="0" timestamp="2025-07-08T15:02:15 IST" skipped="0">
  <testcase classname="day4.ParsingJsonResponseData" name="validatingResponseData3" time="2.264"/>
</testsuite> <!-- day4.ParsingJsonResponseData -->
