<?xml version="1.0" encoding="UTF-8"?>
<!-- Generated by org.testng.reporters.JUnitReportReporter -->
<testsuite hostname="DESKTOP-HGUKC47" failures="0" tests="1" name="day3.PathAndQueryParameters" time="2.793" errors="0" timestamp="2025-06-15T10:43:54 IST" skipped="0">
  <testcase classname="day3.PathAndQueryParameters" name="validQueryParamOnly" time="2.793"/>
</testsuite> <!-- day3.PathAndQueryParameters -->
