<?xml version="1.0" encoding="UTF-8"?>
<!-- Generated by org.testng.reporters.JUnitReportReporter -->
<testsuite hostname="DESKTOP-HGUKC47" failures="0" tests="2" name="day2.PostRequestBodyUsingOrgJson" time="5.258" errors="0" timestamp="2025-06-15T12:57:33 IST" skipped="0">
  <testcase classname="day2.PostRequestBodyUsingOrgJson" name="creatingUserUsingJsonLibrary" time="4.370"/>
  <testcase classname="day2.PostRequestBodyUsingOrgJson" name="deleteTest" time="0.888"/>
</testsuite> <!-- day2.PostRequestBodyUsingOrgJson -->
