<?xml version="1.0" encoding="UTF-8"?>
<!-- Generated by org.testng.reporters.JUnitReportReporter -->
<testsuite hostname="DESKTOP-HGUKC47" failures="0" tests="2" name="day2.PostRequestBodyUsingPojo" time="5.601" errors="0" timestamp="2025-06-15T12:57:51 IST" skipped="0">
  <testcase classname="day2.PostRequestBodyUsingPojo" name="usingPojo" time="4.758"/>
  <testcase classname="day2.PostRequestBodyUsingPojo" name="deleteTest" time="0.843"/>
</testsuite> <!-- day2.PostRequestBodyUsingPojo -->
