<?xml version="1.0" encoding="UTF-8"?>
<!-- Generated by org.testng.reporters.JUnitReportReporter -->
<testsuite hostname="DESKTOP-HGUKC47" failures="0" tests="1" name="day6.Serialization" time="0.374" errors="0" timestamp="2025-06-16T18:56:11 IST" skipped="0">
  <testcase classname="day6.Serialization" name="validateSerialization" time="0.374"/>
</testsuite> <!-- day6.Serialization -->
