<?xml version="1.0" encoding="UTF-8"?>
<!-- Generated by org.testng.reporters.JUnitReportReporter -->
<testsuite hostname="DESKTOP-HGUKC47" failures="0" tests="1" name="day7.PreemptiveAuthentication" time="4.736" errors="0" timestamp="2025-06-17T08:23:58 IST" skipped="0">
  <testcase classname="day7.PreemptiveAuthentication" name="preemptiveAuthentication" time="4.736"/>
</testsuite> <!-- day7.PreemptiveAuthentication -->
