<?xml version="1.0" encoding="UTF-8"?>
<!-- Generated by org.testng.reporters.JUnitReportReporter -->
<testsuite hostname="DESKTOP-HGUKC47" failures="0" tests="2" name="day2.PostRequestBodyUsingExternalJsonFile" time="4.955" errors="0" timestamp="2025-06-15T12:56:32 IST" skipped="0">
  <testcase classname="day2.PostRequestBodyUsingExternalJsonFile" name="creatingUserUsingExternalFile" time="4.258"/>
  <testcase classname="day2.PostRequestBodyUsingExternalJsonFile" name="deleteTest" time="0.697"/>
</testsuite> <!-- day2.PostRequestBodyUsingExternalJsonFile -->
