<?xml version="1.0" encoding="UTF-8"?>
<!-- Generated by org.testng.reporters.JUnitReportReporter -->
<testsuite hostname="DESKTOP-HGUKC47" failures="0" tests="1" name="day8.APIChainingCreateUser" time="8.683" errors="0" timestamp="2025-07-08T15:34:08 IST" skipped="0">
  <testcase classname="day8.APIChainingCreateUser" name="createUser" time="8.683"/>
</testsuite> <!-- day8.APIChainingCreateUser -->
