<?xml version="1.0" encoding="UTF-8"?>
<!-- Generated by org.testng.reporters.JUnitReportReporter -->
<testsuite hostname="DESKTOP-HGUKC47" failures="0" tests="1" name="day8.APIChainingDeleteUser" time="0.793" errors="0" timestamp="2025-06-17T18:16:56 IST" skipped="0">
  <testcase classname="day8.APIChainingDeleteUser" name="updateUser" time="0.793"/>
</testsuite> <!-- day8.APIChainingDeleteUser -->
