<?xml version="1.0" encoding="UTF-8"?>
<!-- Generated by org.testng.reporters.JUnitReportReporter -->
<testsuite hostname="DESKTOP-HGUKC47" failures="0" tests="1" name="day7.BasicAuthentication" time="5.410" errors="0" timestamp="2025-06-17T08:20:11 IST" skipped="0">
  <testcase classname="day7.BasicAuthentication" name="basicAuthentication" time="5.410"/>
</testsuite> <!-- day7.BasicAuthentication -->
