<?xml version="1.0" encoding="UTF-8"?>
<!-- Generated by org.testng.reporters.JUnitReportReporter -->
<testsuite hostname="DESKTOP-HGUKC47" failures="0" tests="1" name="day6.JsonSchemaValidator" time="4.685" errors="0" timestamp="2025-06-16T18:42:45 IST" skipped="0">
  <testcase classname="day6.JsonSchemaValidator" name="validatedJsonSchema" time="4.685"/>
</testsuite> <!-- day6.JsonSchemaValidator -->
