<?xml version="1.0" encoding="UTF-8"?>
<!-- Generated by org.testng.reporters.JUnitReportReporter -->
<testsuite hostname="DESKTOP-HGUKC47" failures="0" tests="2" name="day2.PostRequestBodyUsingHashMap" time="5.459" errors="0" timestamp="2025-06-15T12:57:12 IST" skipped="0">
  <testcase classname="day2.PostRequestBodyUsingHashMap" name="creatingUserUsingHashMap" time="4.567"/>
  <testcase classname="day2.PostRequestBodyUsingHashMap" name="deleteTest" time="0.892"/>
</testsuite> <!-- day2.PostRequestBodyUsingHashMap -->
