<?xml version="1.0" encoding="UTF-8"?>
<!-- Generated by org.testng.reporters.JUnitReportReporter -->
<testsuite hostname="DESKTOP-HGUKC47" failures="0" tests="1" name="day7.FakerDataGenerator" time="0.284" errors="0" timestamp="2025-07-08T15:26:57 IST" skipped="0">
  <testcase classname="day7.FakerDataGenerator" name="dummyData" time="0.284"/>
</testsuite> <!-- day7.FakerDataGenerator -->
